{
  "uid" : "9597e048224a357a",
  "name" : "end to end path for business proces",
  "fullName" : "test.test_finish_page.TestFinishPage#test_e2e_path",
  "historyId" : "e2d7e8466489d6950a084e777d951f22",
  "time" : {
    "start" : 1734679756629,
    "stop" : 1734679757506,
    "duration" : 877
  },
  "status" : "failed",
  "statusMessage" : "AssertionError: None",
  "statusTrace" : "self = <test_finish_page.TestFinishPage object at 0x7f97e32d8ee0>\n\n    @allure.title(\"end to end path for business proces\")\n    @allure.severity(allure.severity_level.CRITICAL)\n    @pytest.mark.smoke\n    def test_e2e_path(self):\n        self.finish_page.open()\n        self.login_page.login_user_data(\n            self.data_user.USER_NAME,\n            self.data_user.PASSWORD\n        )\n        self.login_page.check_validate_user()\n        self.main_page.add_to_card_random_items()\n        self.main_page.navigate_to_cart()\n        self.cart_page.check_cart_title()\n        self.cart_page.check_all_items_in_cart()\n        self.cart_page.navigate_to_checkout()\n>       self.checkout_page.check_fields_in_form()\n\ntest/test_finish_page.py:26: \n_ _ _ _ _ _ _ _ _ _ _ _ _ _ _ _ _ _ _ _ _ _ _ _ _ _ _ _ _ _ _ _ _ _ _ _ _ _ _ _ \n\nself = <pages.checkout_page.CheckoutPage object at 0x7f97e320c250>\n\n    @allure.step('Check attribute in fields')\n    def check_fields_in_form(self) -> None:\n        first_name = self.find_element(self.FIRST_NAME).get_attribute('placeholder')\n        last_name = self.find_element(self.LAST_NAME).get_attribute('placeholder')\n        postcode = self.find_element(self.POSTALCODE).get_attribute('placeholder')\n>       assert first_name == \"First Namq\", self.make_screenshot_in_report(self.name_page) #issue for demo allure report\nE       AssertionError: None\n\npages/checkout_page.py:44: AssertionError",
  "flaky" : false,
  "newFailed" : false,
  "beforeStages" : [ {
    "name" : "setup",
    "time" : {
      "start" : 1734679756628,
      "stop" : 1734679756629,
      "duration" : 1
    },
    "status" : "passed",
    "steps" : [ ],
    "attachments" : [ ],
    "parameters" : [ ],
    "stepsCount" : 0,
    "attachmentsCount" : 0,
    "shouldDisplayMessage" : false,
    "hasContent" : false
  }, {
    "name" : "driver",
    "time" : {
      "start" : 1734679756363,
      "stop" : 1734679756628,
      "duration" : 265
    },
    "status" : "passed",
    "steps" : [ ],
    "attachments" : [ ],
    "parameters" : [ ],
    "stepsCount" : 0,
    "attachmentsCount" : 0,
    "shouldDisplayMessage" : false,
    "hasContent" : false
  }, {
    "name" : "_session_faker",
    "time" : {
      "start" : 1734679750971,
      "stop" : 1734679750988,
      "duration" : 17
    },
    "status" : "passed",
    "steps" : [ ],
    "attachments" : [ ],
    "parameters" : [ ],
    "stepsCount" : 0,
    "attachmentsCount" : 0,
    "shouldDisplayMessage" : false,
    "hasContent" : false
  } ],
  "testStage" : {
    "status" : "failed",
    "statusMessage" : "AssertionError: None",
    "statusTrace" : "self = <test_finish_page.TestFinishPage object at 0x7f97e32d8ee0>\n\n    @allure.title(\"end to end path for business proces\")\n    @allure.severity(allure.severity_level.CRITICAL)\n    @pytest.mark.smoke\n    def test_e2e_path(self):\n        self.finish_page.open()\n        self.login_page.login_user_data(\n            self.data_user.USER_NAME,\n            self.data_user.PASSWORD\n        )\n        self.login_page.check_validate_user()\n        self.main_page.add_to_card_random_items()\n        self.main_page.navigate_to_cart()\n        self.cart_page.check_cart_title()\n        self.cart_page.check_all_items_in_cart()\n        self.cart_page.navigate_to_checkout()\n>       self.checkout_page.check_fields_in_form()\n\ntest/test_finish_page.py:26: \n_ _ _ _ _ _ _ _ _ _ _ _ _ _ _ _ _ _ _ _ _ _ _ _ _ _ _ _ _ _ _ _ _ _ _ _ _ _ _ _ \n\nself = <pages.checkout_page.CheckoutPage object at 0x7f97e320c250>\n\n    @allure.step('Check attribute in fields')\n    def check_fields_in_form(self) -> None:\n        first_name = self.find_element(self.FIRST_NAME).get_attribute('placeholder')\n        last_name = self.find_element(self.LAST_NAME).get_attribute('placeholder')\n        postcode = self.find_element(self.POSTALCODE).get_attribute('placeholder')\n>       assert first_name == \"First Namq\", self.make_screenshot_in_report(self.name_page) #issue for demo allure report\nE       AssertionError: None\n\npages/checkout_page.py:44: AssertionError",
    "steps" : [ {
      "name" : "Navigate to https://www.saucedemo.com/",
      "time" : {
        "start" : 1734679756629,
        "stop" : 1734679756818,
        "duration" : 189
      },
      "status" : "passed",
      "steps" : [ ],
      "attachments" : [ ],
      "parameters" : [ ],
      "stepsCount" : 0,
      "attachmentsCount" : 0,
      "shouldDisplayMessage" : false,
      "hasContent" : false
    }, {
      "name" : "Enter data for login page",
      "time" : {
        "start" : 1734679756818,
        "stop" : 1734679757092,
        "duration" : 274
      },
      "status" : "passed",
      "steps" : [ ],
      "attachments" : [ ],
      "parameters" : [ {
        "name" : "login",
        "value" : "'standard_user'"
      }, {
        "name" : "password",
        "value" : "'secret_sauce'"
      } ],
      "stepsCount" : 0,
      "attachmentsCount" : 0,
      "shouldDisplayMessage" : false,
      "hasContent" : true
    }, {
      "name" : "Check title in main page",
      "time" : {
        "start" : 1734679757092,
        "stop" : 1734679757115,
        "duration" : 23
      },
      "status" : "passed",
      "steps" : [ ],
      "attachments" : [ ],
      "parameters" : [ ],
      "stepsCount" : 0,
      "attachmentsCount" : 0,
      "shouldDisplayMessage" : false,
      "hasContent" : false
    }, {
      "name" : "Added random items in card",
      "time" : {
        "start" : 1734679757115,
        "stop" : 1734679757266,
        "duration" : 151
      },
      "status" : "passed",
      "steps" : [ {
        "name" : "Check cart icon in main page",
        "time" : {
          "start" : 1734679757115,
          "stop" : 1734679757131,
          "duration" : 16
        },
        "status" : "passed",
        "steps" : [ ],
        "attachments" : [ ],
        "parameters" : [ ],
        "stepsCount" : 0,
        "attachmentsCount" : 0,
        "shouldDisplayMessage" : false,
        "hasContent" : false
      }, {
        "name" : "Added random items in cart",
        "time" : {
          "start" : 1734679757131,
          "stop" : 1734679757266,
          "duration" : 135
        },
        "status" : "passed",
        "steps" : [ {
          "name" : "Checking  items in cart icon",
          "time" : {
            "start" : 1734679757254,
            "stop" : 1734679757266,
            "duration" : 12
          },
          "status" : "passed",
          "steps" : [ ],
          "attachments" : [ ],
          "parameters" : [ ],
          "stepsCount" : 0,
          "attachmentsCount" : 0,
          "shouldDisplayMessage" : false,
          "hasContent" : false
        } ],
        "attachments" : [ ],
        "parameters" : [ ],
        "stepsCount" : 1,
        "attachmentsCount" : 0,
        "shouldDisplayMessage" : false,
        "hasContent" : true
      } ],
      "attachments" : [ ],
      "parameters" : [ ],
      "stepsCount" : 3,
      "attachmentsCount" : 0,
      "shouldDisplayMessage" : false,
      "hasContent" : true
    }, {
      "name" : "Navigate to cart",
      "time" : {
        "start" : 1734679757266,
        "stop" : 1734679757318,
        "duration" : 52
      },
      "status" : "passed",
      "steps" : [ ],
      "attachments" : [ ],
      "parameters" : [ ],
      "stepsCount" : 0,
      "attachmentsCount" : 0,
      "shouldDisplayMessage" : false,
      "hasContent" : false
    }, {
      "name" : "Check title on cart page",
      "time" : {
        "start" : 1734679757318,
        "stop" : 1734679757331,
        "duration" : 13
      },
      "status" : "passed",
      "steps" : [ ],
      "attachments" : [ ],
      "parameters" : [ ],
      "stepsCount" : 0,
      "attachmentsCount" : 0,
      "shouldDisplayMessage" : false,
      "hasContent" : false
    }, {
      "name" : "Checking cart",
      "time" : {
        "start" : 1734679757331,
        "stop" : 1734679757348,
        "duration" : 17
      },
      "status" : "passed",
      "steps" : [ {
        "name" : "Check items in cart",
        "time" : {
          "start" : 1734679757331,
          "stop" : 1734679757338,
          "duration" : 7
        },
        "status" : "passed",
        "steps" : [ ],
        "attachments" : [ ],
        "parameters" : [ ],
        "stepsCount" : 0,
        "attachmentsCount" : 0,
        "shouldDisplayMessage" : false,
        "hasContent" : false
      }, {
        "name" : "Check items in icons cart",
        "time" : {
          "start" : 1734679757338,
          "stop" : 1734679757348,
          "duration" : 10
        },
        "status" : "passed",
        "steps" : [ ],
        "attachments" : [ ],
        "parameters" : [ ],
        "stepsCount" : 0,
        "attachmentsCount" : 0,
        "shouldDisplayMessage" : false,
        "hasContent" : false
      } ],
      "attachments" : [ ],
      "parameters" : [ {
        "name" : "count_product",
        "value" : "3"
      } ],
      "stepsCount" : 2,
      "attachmentsCount" : 0,
      "shouldDisplayMessage" : false,
      "hasContent" : true
    }, {
      "name" : "Check attribute in fields",
      "time" : {
        "start" : 1734679757399,
        "stop" : 1734679757506,
        "duration" : 107
      },
      "status" : "failed",
      "statusMessage" : "AssertionError: None\n",
      "statusTrace" : "  File \"/opt/hostedtoolcache/Python/3.10.15/x64/lib/python3.10/site-packages/allure_commons/_allure.py\", line 192, in impl\n    return func(*a, **kw)\n  File \"/home/runner/work/test_ui/test_ui/pages/checkout_page.py\", line 44, in check_fields_in_form\n    assert first_name == \"First Namq\", self.make_screenshot_in_report(self.name_page) #issue for demo allure report\n",
      "steps" : [ ],
      "attachments" : [ {
        "uid" : "1ce1e622996de6b7",
        "name" : "Checkout_Page_2024-12-20_07-29-17",
        "source" : "1ce1e622996de6b7.png",
        "type" : "image/png",
        "size" : 31261
      } ],
      "parameters" : [ ],
      "stepsCount" : 0,
      "attachmentsCount" : 1,
      "shouldDisplayMessage" : true,
      "hasContent" : true
    } ],
    "attachments" : [ ],
    "parameters" : [ ],
    "stepsCount" : 13,
    "attachmentsCount" : 1,
    "shouldDisplayMessage" : true,
    "hasContent" : true
  },
  "afterStages" : [ {
    "name" : "driver::0",
    "time" : {
      "start" : 1734679757512,
      "stop" : 1734679757579,
      "duration" : 67
    },
    "status" : "passed",
    "steps" : [ ],
    "attachments" : [ ],
    "parameters" : [ ],
    "stepsCount" : 0,
    "attachmentsCount" : 0,
    "shouldDisplayMessage" : false,
    "hasContent" : false
  } ],
  "labels" : [ {
    "name" : "severity",
    "value" : "critical"
  }, {
    "name" : "feature",
    "value" : "Finish page"
  }, {
    "name" : "tag",
    "value" : "smoke"
  }, {
    "name" : "parentSuite",
    "value" : "test"
  }, {
    "name" : "suite",
    "value" : "test_finish_page"
  }, {
    "name" : "subSuite",
    "value" : "TestFinishPage"
  }, {
    "name" : "host",
    "value" : "fv-az1307-152"
  }, {
    "name" : "thread",
    "value" : "2403-MainThread"
  }, {
    "name" : "framework",
    "value" : "pytest"
  }, {
    "name" : "language",
    "value" : "cpython3"
  }, {
    "name" : "package",
    "value" : "test.test_finish_page"
  }, {
    "name" : "resultFormat",
    "value" : "allure2"
  } ],
  "parameters" : [ ],
  "links" : [ ],
  "hidden" : false,
  "retry" : false,
  "extra" : {
    "severity" : "critical",
    "retries" : [ ],
    "categories" : [ {
      "name" : "Product defects",
      "matchedStatuses" : [ ],
      "flaky" : false
    } ],
    "tags" : [ "smoke" ]
  },
  "source" : "9597e048224a357a.json",
  "parameterValues" : [ ]
}