{
  "uid" : "bd13d27ab4c804d8",
  "name" : "end to end path for business proces",
  "fullName" : "test.test_finish_page.TestFinishPage#test_e2e_path",
  "historyId" : "e2d7e8466489d6950a084e777d951f22",
  "time" : {
    "start" : 1734680955293,
    "stop" : 1734680956200,
    "duration" : 907
  },
  "status" : "failed",
  "statusMessage" : "AssertionError: None",
  "statusTrace" : "self = <test_finish_page.TestFinishPage object at 0x7f770ffc9690>\n\n    @allure.title(\"end to end path for business proces\")\n    @allure.severity(allure.severity_level.CRITICAL)\n    @pytest.mark.smoke\n    def test_e2e_path(self):\n        self.finish_page.open()\n        self.login_page.login_user_data(\n            self.data_user.USER_NAME,\n            self.data_user.PASSWORD\n        )\n        self.login_page.check_validate_user()\n        self.main_page.add_to_card_random_items()\n        self.main_page.navigate_to_cart()\n        self.cart_page.check_cart_title()\n        self.cart_page.check_all_items_in_cart()\n        self.cart_page.navigate_to_checkout()\n>       self.checkout_page.check_fields_in_form()\n\ntest/test_finish_page.py:26: \n_ _ _ _ _ _ _ _ _ _ _ _ _ _ _ _ _ _ _ _ _ _ _ _ _ _ _ _ _ _ _ _ _ _ _ _ _ _ _ _ \n\nself = <pages.checkout_page.CheckoutPage object at 0x7f770ffff3d0>\n\n    @allure.step('Check attribute in fields')\n    def check_fields_in_form(self) -> None:\n        first_name = self.find_element(self.FIRST_NAME).get_attribute('placeholder')\n        last_name = self.find_element(self.LAST_NAME).get_attribute('placeholder')\n        postcode = self.find_element(self.POSTALCODE).get_attribute('placeholder')\n>       assert first_name == \"First Namq\", self.make_screenshot_in_report(self.name_page) #issue for demo allure report\nE       AssertionError: None\n\npages/checkout_page.py:44: AssertionError",
  "flaky" : false,
  "newFailed" : false,
  "beforeStages" : [ {
    "name" : "setup",
    "time" : {
      "start" : 1734680955293,
      "stop" : 1734680955293,
      "duration" : 0
    },
    "status" : "passed",
    "steps" : [ ],
    "attachments" : [ ],
    "parameters" : [ ],
    "stepsCount" : 0,
    "attachmentsCount" : 0,
    "shouldDisplayMessage" : false,
    "hasContent" : false
  }, {
    "name" : "driver",
    "time" : {
      "start" : 1734680955025,
      "stop" : 1734680955292,
      "duration" : 267
    },
    "status" : "passed",
    "steps" : [ ],
    "attachments" : [ ],
    "parameters" : [ ],
    "stepsCount" : 0,
    "attachmentsCount" : 0,
    "shouldDisplayMessage" : false,
    "hasContent" : false
  }, {
    "name" : "_session_faker",
    "time" : {
      "start" : 1734680943399,
      "stop" : 1734680943415,
      "duration" : 16
    },
    "status" : "passed",
    "steps" : [ ],
    "attachments" : [ ],
    "parameters" : [ ],
    "stepsCount" : 0,
    "attachmentsCount" : 0,
    "shouldDisplayMessage" : false,
    "hasContent" : false
  } ],
  "testStage" : {
    "status" : "failed",
    "statusMessage" : "AssertionError: None",
    "statusTrace" : "self = <test_finish_page.TestFinishPage object at 0x7f770ffc9690>\n\n    @allure.title(\"end to end path for business proces\")\n    @allure.severity(allure.severity_level.CRITICAL)\n    @pytest.mark.smoke\n    def test_e2e_path(self):\n        self.finish_page.open()\n        self.login_page.login_user_data(\n            self.data_user.USER_NAME,\n            self.data_user.PASSWORD\n        )\n        self.login_page.check_validate_user()\n        self.main_page.add_to_card_random_items()\n        self.main_page.navigate_to_cart()\n        self.cart_page.check_cart_title()\n        self.cart_page.check_all_items_in_cart()\n        self.cart_page.navigate_to_checkout()\n>       self.checkout_page.check_fields_in_form()\n\ntest/test_finish_page.py:26: \n_ _ _ _ _ _ _ _ _ _ _ _ _ _ _ _ _ _ _ _ _ _ _ _ _ _ _ _ _ _ _ _ _ _ _ _ _ _ _ _ \n\nself = <pages.checkout_page.CheckoutPage object at 0x7f770ffff3d0>\n\n    @allure.step('Check attribute in fields')\n    def check_fields_in_form(self) -> None:\n        first_name = self.find_element(self.FIRST_NAME).get_attribute('placeholder')\n        last_name = self.find_element(self.LAST_NAME).get_attribute('placeholder')\n        postcode = self.find_element(self.POSTALCODE).get_attribute('placeholder')\n>       assert first_name == \"First Namq\", self.make_screenshot_in_report(self.name_page) #issue for demo allure report\nE       AssertionError: None\n\npages/checkout_page.py:44: AssertionError",
    "steps" : [ {
      "name" : "Navigate to https://www.saucedemo.com/",
      "time" : {
        "start" : 1734680955294,
        "stop" : 1734680955475,
        "duration" : 181
      },
      "status" : "passed",
      "steps" : [ ],
      "attachments" : [ ],
      "parameters" : [ ],
      "stepsCount" : 0,
      "attachmentsCount" : 0,
      "shouldDisplayMessage" : false,
      "hasContent" : false
    }, {
      "name" : "Enter data for login page",
      "time" : {
        "start" : 1734680955475,
        "stop" : 1734680955755,
        "duration" : 280
      },
      "status" : "passed",
      "steps" : [ ],
      "attachments" : [ ],
      "parameters" : [ {
        "name" : "login",
        "value" : "'standard_user'"
      }, {
        "name" : "password",
        "value" : "'secret_sauce'"
      } ],
      "stepsCount" : 0,
      "attachmentsCount" : 0,
      "shouldDisplayMessage" : false,
      "hasContent" : true
    }, {
      "name" : "Check title in main page",
      "time" : {
        "start" : 1734680955756,
        "stop" : 1734680955777,
        "duration" : 21
      },
      "status" : "passed",
      "steps" : [ ],
      "attachments" : [ ],
      "parameters" : [ ],
      "stepsCount" : 0,
      "attachmentsCount" : 0,
      "shouldDisplayMessage" : false,
      "hasContent" : false
    }, {
      "name" : "Added random items in card",
      "time" : {
        "start" : 1734680955777,
        "stop" : 1734680955930,
        "duration" : 153
      },
      "status" : "passed",
      "steps" : [ {
        "name" : "Check cart icon in main page",
        "time" : {
          "start" : 1734680955778,
          "stop" : 1734680955794,
          "duration" : 16
        },
        "status" : "passed",
        "steps" : [ ],
        "attachments" : [ ],
        "parameters" : [ ],
        "stepsCount" : 0,
        "attachmentsCount" : 0,
        "shouldDisplayMessage" : false,
        "hasContent" : false
      }, {
        "name" : "Added random items in cart",
        "time" : {
          "start" : 1734680955794,
          "stop" : 1734680955930,
          "duration" : 136
        },
        "status" : "passed",
        "steps" : [ {
          "name" : "Checking  items in cart icon",
          "time" : {
            "start" : 1734680955919,
            "stop" : 1734680955930,
            "duration" : 11
          },
          "status" : "passed",
          "steps" : [ ],
          "attachments" : [ ],
          "parameters" : [ ],
          "stepsCount" : 0,
          "attachmentsCount" : 0,
          "shouldDisplayMessage" : false,
          "hasContent" : false
        } ],
        "attachments" : [ ],
        "parameters" : [ ],
        "stepsCount" : 1,
        "attachmentsCount" : 0,
        "shouldDisplayMessage" : false,
        "hasContent" : true
      } ],
      "attachments" : [ ],
      "parameters" : [ ],
      "stepsCount" : 3,
      "attachmentsCount" : 0,
      "shouldDisplayMessage" : false,
      "hasContent" : true
    }, {
      "name" : "Navigate to cart",
      "time" : {
        "start" : 1734680955930,
        "stop" : 1734680955985,
        "duration" : 55
      },
      "status" : "passed",
      "steps" : [ ],
      "attachments" : [ ],
      "parameters" : [ ],
      "stepsCount" : 0,
      "attachmentsCount" : 0,
      "shouldDisplayMessage" : false,
      "hasContent" : false
    }, {
      "name" : "Check title on cart page",
      "time" : {
        "start" : 1734680955985,
        "stop" : 1734680955998,
        "duration" : 13
      },
      "status" : "passed",
      "steps" : [ ],
      "attachments" : [ ],
      "parameters" : [ ],
      "stepsCount" : 0,
      "attachmentsCount" : 0,
      "shouldDisplayMessage" : false,
      "hasContent" : false
    }, {
      "name" : "Checking cart",
      "time" : {
        "start" : 1734680955998,
        "stop" : 1734680956015,
        "duration" : 17
      },
      "status" : "passed",
      "steps" : [ {
        "name" : "Check items in cart",
        "time" : {
          "start" : 1734680955998,
          "stop" : 1734680956006,
          "duration" : 8
        },
        "status" : "passed",
        "steps" : [ ],
        "attachments" : [ ],
        "parameters" : [ ],
        "stepsCount" : 0,
        "attachmentsCount" : 0,
        "shouldDisplayMessage" : false,
        "hasContent" : false
      }, {
        "name" : "Check items in icons cart",
        "time" : {
          "start" : 1734680956006,
          "stop" : 1734680956015,
          "duration" : 9
        },
        "status" : "passed",
        "steps" : [ ],
        "attachments" : [ ],
        "parameters" : [ ],
        "stepsCount" : 0,
        "attachmentsCount" : 0,
        "shouldDisplayMessage" : false,
        "hasContent" : false
      } ],
      "attachments" : [ ],
      "parameters" : [ {
        "name" : "count_product",
        "value" : "3"
      } ],
      "stepsCount" : 2,
      "attachmentsCount" : 0,
      "shouldDisplayMessage" : false,
      "hasContent" : true
    }, {
      "name" : "Check attribute in fields",
      "time" : {
        "start" : 1734680956066,
        "stop" : 1734680956199,
        "duration" : 133
      },
      "status" : "failed",
      "statusMessage" : "AssertionError: None\n",
      "statusTrace" : "  File \"/opt/hostedtoolcache/Python/3.10.15/x64/lib/python3.10/site-packages/allure_commons/_allure.py\", line 192, in impl\n    return func(*a, **kw)\n  File \"/home/runner/work/test_ui/test_ui/pages/checkout_page.py\", line 44, in check_fields_in_form\n    assert first_name == \"First Namq\", self.make_screenshot_in_report(self.name_page) #issue for demo allure report\n",
      "steps" : [ ],
      "attachments" : [ {
        "uid" : "8142f6d27f9b0bc5",
        "name" : "Checkout_Page_2024-12-20_07-49-16",
        "source" : "8142f6d27f9b0bc5.png",
        "type" : "image/png",
        "size" : 31261
      } ],
      "parameters" : [ ],
      "stepsCount" : 0,
      "attachmentsCount" : 1,
      "shouldDisplayMessage" : true,
      "hasContent" : true
    } ],
    "attachments" : [ ],
    "parameters" : [ ],
    "stepsCount" : 13,
    "attachmentsCount" : 1,
    "shouldDisplayMessage" : true,
    "hasContent" : true
  },
  "afterStages" : [ {
    "name" : "driver::0",
    "time" : {
      "start" : 1734680956205,
      "stop" : 1734680956274,
      "duration" : 69
    },
    "status" : "passed",
    "steps" : [ ],
    "attachments" : [ ],
    "parameters" : [ ],
    "stepsCount" : 0,
    "attachmentsCount" : 0,
    "shouldDisplayMessage" : false,
    "hasContent" : false
  } ],
  "labels" : [ {
    "name" : "feature",
    "value" : "Finish page"
  }, {
    "name" : "severity",
    "value" : "critical"
  }, {
    "name" : "tag",
    "value" : "smoke"
  }, {
    "name" : "parentSuite",
    "value" : "test"
  }, {
    "name" : "suite",
    "value" : "test_finish_page"
  }, {
    "name" : "subSuite",
    "value" : "TestFinishPage"
  }, {
    "name" : "host",
    "value" : "fv-az1927-693"
  }, {
    "name" : "thread",
    "value" : "2404-MainThread"
  }, {
    "name" : "framework",
    "value" : "pytest"
  }, {
    "name" : "language",
    "value" : "cpython3"
  }, {
    "name" : "package",
    "value" : "test.test_finish_page"
  }, {
    "name" : "resultFormat",
    "value" : "allure2"
  } ],
  "parameters" : [ ],
  "links" : [ ],
  "hidden" : false,
  "retry" : false,
  "extra" : {
    "severity" : "critical",
    "retries" : [ ],
    "categories" : [ {
      "name" : "Product defects",
      "matchedStatuses" : [ ],
      "flaky" : false
    } ],
    "history" : {
      "statistic" : {
        "failed" : 3,
        "broken" : 0,
        "skipped" : 0,
        "passed" : 0,
        "unknown" : 0,
        "total" : 3
      },
      "items" : [ {
        "uid" : "f7e50a4002a2086b",
        "reportUrl" : "https://vladimirqw1221.github.io/test_ui/97//#testresult/f7e50a4002a2086b",
        "status" : "failed",
        "statusDetails" : "AssertionError: None",
        "time" : {
          "start" : 1734679901936,
          "stop" : 1734679902811,
          "duration" : 875
        }
      }, {
        "uid" : "9597e048224a357a",
        "reportUrl" : "https://vladimirqw1221.github.io/test_ui/96//#testresult/9597e048224a357a",
        "status" : "failed",
        "statusDetails" : "AssertionError: None",
        "time" : {
          "start" : 1734679756629,
          "stop" : 1734679757506,
          "duration" : 877
        }
      } ]
    },
    "tags" : [ "smoke" ]
  },
  "source" : "bd13d27ab4c804d8.json",
  "parameterValues" : [ ]
}